TN:
SF:src/index.js
FN:2,Product
FN:8,applyDiscount
FN:15,ProductManager
FN:19,addProduct
FN:24,removeProduct
FN:28,editProduct
FN:36,applyDiscountToAllProducts
FN:40,getProductByName
FN:44,calculateTotalPrice
FNF:9
FNH:9
FNDA:10,Product
FNDA:2,applyDiscount
FNDA:6,ProductManager
FNDA:10,addProduct
FNDA:1,removeProduct
FNDA:1,editProduct
FNDA:1,applyDiscountToAllProducts
FNDA:3,getProductByName
FNDA:1,calculateTotalPrice
DA:1,1
DA:2,1
DA:3,10
DA:4,10
DA:5,10
DA:6,10
DA:7,1
DA:8,1
DA:9,2
DA:10,2
DA:11,2
DA:12,1
DA:13,1
DA:14,1
DA:15,1
DA:16,6
DA:17,6
DA:18,1
DA:19,1
DA:20,10
DA:21,10
DA:22,10
DA:23,1
DA:24,1
DA:25,1
DA:26,1
DA:27,1
DA:28,1
DA:29,1
DA:30,1
DA:31,1
DA:32,1
DA:33,1
DA:34,1
DA:35,1
DA:36,1
DA:37,1
DA:38,1
DA:39,1
DA:40,1
DA:41,3
DA:42,3
DA:43,1
DA:44,1
DA:45,1
DA:46,1
DA:47,1
DA:48,1
DA:49,1
LF:49
LH:49
BRDA:2,0,0,10
BRDA:8,1,0,2
BRDA:15,2,0,6
BRDA:19,3,0,10
BRDA:24,4,0,1
BRDA:25,5,0,1
BRDA:28,6,0,1
BRDA:29,7,0,1
BRDA:36,8,0,1
BRDA:37,9,0,2
BRDA:40,10,0,3
BRDA:41,11,0,5
BRDA:44,12,0,1
BRDA:45,13,0,3
BRF:14
BRH:14
end_of_record
